<?xml version="1.0" encoding="UTF-8" ?>
<testsuite tests="6" failures="0" name="JUnitTest.TestJUnit" time="0.008" errors="0" skipped="0">
  <properties>
[...]
</properties>
  <testcase classname="JUnitTest.TestJUnit" name="testCardUndefined" time="0.007"/>
  <testcase classname="JUnitTest.TestJUnit" name="testAmericanExpressCreditCard" time="0"/>
  <testcase classname="JUnitTest.TestJUnit" name="testVisaCreditCard" time="0"/>
  <testcase classname="JUnitTest.TestJUnit" name="testMasterCreditCard" time="0"/>
  <testcase classname="JUnitTest.TestJUnit" name="testCardError" time="0.001"/>
  <testcase classname="JUnitTest.TestJUnit" name="testDiscoverCreditCard" time="0"/>
</testsuite>